c:\users\marissa\documents\github\flipmodeld3d12\win32\flipmodeld3d12\debug\vc140.pdb
c:\users\marissa\documents\github\flipmodeld3d12\win32\flipmodeld3d12\debug\vc140.idb
c:\users\marissa\documents\github\flipmodeld3d12\win32\flipmodeld3d12\debug\dx12helpers.obj
c:\users\marissa\documents\github\flipmodeld3d12\win32\flipmodeld3d12\debug\eventviz.obj
c:\users\marissa\documents\github\flipmodeld3d12\win32\flipmodeld3d12\debug\sample_cube.obj
c:\users\marissa\documents\github\flipmodeld3d12\win32\flipmodeld3d12\debug\sample_dx12.obj
c:\users\marissa\documents\github\flipmodeld3d12\win32\flipmodeld3d12\debug\sample_game.obj
c:\users\marissa\documents\github\flipmodeld3d12\win32\flipmodeld3d12\debug\sample_main.obj
c:\users\marissa\documents\github\flipmodeld3d12\win32\flipmodeld3d12\debug\sample_math.obj
c:\users\marissa\documents\github\flipmodeld3d12\win32\flipmodeld3d12\debug\windowshelpers.obj
c:\users\marissa\documents\github\flipmodeld3d12\win32\flipmodeld3d12\debug\wsi_utils.obj
c:\users\marissa\documents\github\flipmodeld3d12\win32\flipmodeld3d12\debug\wsi.obj
c:\users\marissa\documents\github\flipmodeld3d12\source\pixel_shader.h
c:\users\marissa\documents\github\flipmodeld3d12\source\vertex_shader.h
c:\users\marissa\documents\github\flipmodeld3d12\win32\flipmodeld3d12\debug\flipmodeld3d12.ilk
c:\users\marissa\documents\github\flipmodeld3d12\win32\flipmodeld3d12\debug\flipmodeld3d12.exe
c:\users\marissa\documents\github\flipmodeld3d12\win32\flipmodeld3d12\debug\flipmodeld3d12.pdb
c:\users\marissa\documents\github\flipmodeld3d12\win32\flipmodeld3d12\debug\flipmodeld3d12.tlog\cl.command.1.tlog
c:\users\marissa\documents\github\flipmodeld3d12\win32\flipmodeld3d12\debug\flipmodeld3d12.tlog\cl.read.1.tlog
c:\users\marissa\documents\github\flipmodeld3d12\win32\flipmodeld3d12\debug\flipmodeld3d12.tlog\cl.write.1.tlog
c:\users\marissa\documents\github\flipmodeld3d12\win32\flipmodeld3d12\debug\flipmodeld3d12.tlog\flipmodeld3d12.write.1u.tlog
c:\users\marissa\documents\github\flipmodeld3d12\win32\flipmodeld3d12\debug\flipmodeld3d12.tlog\fxc.command.1.tlog
c:\users\marissa\documents\github\flipmodeld3d12\win32\flipmodeld3d12\debug\flipmodeld3d12.tlog\fxc.read.1.tlog
c:\users\marissa\documents\github\flipmodeld3d12\win32\flipmodeld3d12\debug\flipmodeld3d12.tlog\fxc.write.1.tlog
c:\users\marissa\documents\github\flipmodeld3d12\win32\flipmodeld3d12\debug\flipmodeld3d12.tlog\link.command.1.tlog
c:\users\marissa\documents\github\flipmodeld3d12\win32\flipmodeld3d12\debug\flipmodeld3d12.tlog\link.read.1.tlog
c:\users\marissa\documents\github\flipmodeld3d12\win32\flipmodeld3d12\debug\flipmodeld3d12.tlog\link.write.1.tlog
