c:\users\marissa\documents\github\flipmodeld3d12\arm\debug\sample_dx12.obj
c:\users\marissa\documents\github\flipmodeld3d12\arm\debug\eventviz.obj
c:\users\marissa\documents\github\flipmodeld3d12\arm\debug\windowshelpers.obj
c:\users\marissa\documents\github\flipmodeld3d12\arm\debug\dx12helpers.obj
c:\users\marissa\documents\github\flipmodeld3d12\arm\debug\sample_game.obj
c:\users\marissa\documents\github\flipmodeld3d12\arm\debug\app.obj
c:\users\marissa\documents\github\flipmodeld3d12\arm\debug\sample_math.obj
c:\users\marissa\documents\github\flipmodeld3d12\arm\debug\sample_cube.obj
c:\users\marissa\documents\github\flipmodeld3d12\arm\debug\vc140.pdb
c:\users\marissa\documents\github\flipmodeld3d12\source\pixel_shader.h
c:\users\marissa\documents\github\flipmodeld3d12\source\vertex_shader.h
c:\users\marissa\documents\github\flipmodeld3d12\arm\debug\flipmodeluniversal\flipmodeluniversal.winmd
c:\users\marissa\documents\github\flipmodeld3d12\arm\debug\flipmodeluniversal.vcxprojresolveassemblyreference.cache
c:\users\marissa\documents\github\flipmodeld3d12\arm\debug\resourcehandlingtask.state
c:\users\marissa\documents\github\flipmodeld3d12\arm\debug\flipmodeluniversal.vcxproj.generateresource.cache
c:\users\marissa\documents\github\flipmodeld3d12\arm\debug\priconfig.xml
c:\users\marissa\documents\github\flipmodeld3d12\arm\debug\priconfig.xml.intermediate
c:\users\marissa\documents\github\flipmodeld3d12\arm\debug\layout.resfiles
c:\users\marissa\documents\github\flipmodeld3d12\arm\debug\layout.resfiles.intermediate
c:\users\marissa\documents\github\flipmodeld3d12\arm\debug\resources.resfiles
c:\users\marissa\documents\github\flipmodeld3d12\arm\debug\resources.resfiles.intermediate
c:\users\marissa\documents\github\flipmodeld3d12\arm\debug\pri.resfiles
c:\users\marissa\documents\github\flipmodeld3d12\arm\debug\pri.resfiles.intermediate
c:\users\marissa\documents\github\flipmodeld3d12\arm\debug\flipmodeluniversal\resources.pri
c:\users\marissa\documents\github\flipmodeld3d12\arm\debug\qualifiers.txt
c:\users\marissa\documents\github\flipmodeld3d12\arm\debug\qualifiers.txt.intermediate
c:\users\marissa\documents\github\flipmodeld3d12\arm\debug\multiplequalifiersperdimensionfound.txt
c:\users\marissa\documents\github\flipmodeld3d12\arm\debug\projectarchitectures.txt
c:\users\marissa\documents\github\flipmodeld3d12\arm\debug\flipmodeluniversal\appxmanifest.xml
c:\users\marissa\documents\github\flipmodeld3d12\arm\debug\flipmodeluniversal\flipmodeluniversal.build.appxrecipe
c:\users\marissa\documents\github\flipmodeld3d12\arm\debug\flipmodeluniversal\flipmodeluniversal.ilk
c:\users\marissa\documents\github\flipmodeld3d12\arm\debug\flipmodeluniversal\flipmodeluniversal.exe
c:\users\marissa\documents\github\flipmodeld3d12\arm\debug\flipmodeluniversal\flipmodeluniversal.pdb
c:\users\marissa\documents\github\flipmodeld3d12\arm\debug\embed.resfiles
c:\users\marissa\documents\github\flipmodeld3d12\arm\debug\flipmode.525f2141.tlog\cl.command.1.tlog
c:\users\marissa\documents\github\flipmodeld3d12\arm\debug\flipmode.525f2141.tlog\cl.read.1.tlog
c:\users\marissa\documents\github\flipmodeld3d12\arm\debug\flipmode.525f2141.tlog\cl.write.1.tlog
c:\users\marissa\documents\github\flipmodeld3d12\arm\debug\flipmode.525f2141.tlog\flipmodeluniversal.read.1u.tlog
c:\users\marissa\documents\github\flipmodeld3d12\arm\debug\flipmode.525f2141.tlog\flipmodeluniversal.write.1u.tlog
c:\users\marissa\documents\github\flipmodeld3d12\arm\debug\flipmode.525f2141.tlog\fxc.command.1.tlog
c:\users\marissa\documents\github\flipmodeld3d12\arm\debug\flipmode.525f2141.tlog\fxc.read.1.tlog
c:\users\marissa\documents\github\flipmodeld3d12\arm\debug\flipmode.525f2141.tlog\fxc.write.1.tlog
c:\users\marissa\documents\github\flipmodeld3d12\arm\debug\flipmode.525f2141.tlog\link.command.1.tlog
c:\users\marissa\documents\github\flipmodeld3d12\arm\debug\flipmode.525f2141.tlog\link.read.1.tlog
c:\users\marissa\documents\github\flipmodeld3d12\arm\debug\flipmode.525f2141.tlog\link.write.1.tlog
